22:12:24: Creating resource group General
22:12:24: Creating resource group Internal
22:12:24: Creating resource group Autodetect
22:12:24: SceneManagerFactory for type 'DefaultSceneManager' registered.
22:12:24: Registering ResourceManager for type Material
22:12:24: Registering ResourceManager for type Mesh
22:12:24: Registering ResourceManager for type Skeleton
22:12:24: MovableObjectFactory for type 'ParticleSystem' registered.
22:12:24: ArchiveFactory for archive type FileSystem registered.
22:12:24: ArchiveFactory for archive type Zip registered.
22:12:24: ArchiveFactory for archive type EmbeddedZip registered.
22:12:24: DDS codec registering
22:12:24: FreeImage version: 3.15.4
22:12:24: This program uses FreeImage, a free, open source image library supporting all common bitmap formats. See http://freeimage.sourceforge.net for details
22:12:24: Supported formats: bmp,ico,jpg,jif,jpeg,jpe,jng,koa,iff,lbm,mng,pbm,pbm,pcd,pcx,pgm,pgm,png,ppm,ppm,ras,tga,targa,tif,tiff,wap,wbmp,wbm,psd,cut,xbm,xpm,gif,hdr,g3,sgi,exr,j2k,j2c,jp2,pfm,pct,pict,pic,3fr,arw,bay,bmq,cap,cine,cr2,crw,cs1,dc2,dcr,drf,dsc,dng,erf,fff,ia,iiq,k25,kc2,kdc,mdc,mef,mos,mrw,nef,nrw,orf,pef,ptx,pxn,qtk,raf,raw,rdc,rw2,rwl,rwz,sr2,srf,srw,sti
22:12:24: Registering ResourceManager for type HighLevelGpuProgram
22:12:24: Registering ResourceManager for type Compositor
22:12:24: MovableObjectFactory for type 'Entity' registered.
22:12:24: MovableObjectFactory for type 'Light' registered.
22:12:24: MovableObjectFactory for type 'BillboardSet' registered.
22:12:24: MovableObjectFactory for type 'ManualObject' registered.
22:12:24: MovableObjectFactory for type 'BillboardChain' registered.
22:12:24: MovableObjectFactory for type 'RibbonTrail' registered.
22:12:24: *-*-* OGRE Initialising
22:12:24: *-*-* Version 1.10.0unstable (Xalafu)
22:12:24: Installing plugin: D3D9 RenderSystem
22:12:24: D3D9 : Direct3D9 Rendering Subsystem created.
22:12:25: D3D9: Driver Detection Starts
22:12:25: D3D9: Driver Detection Ends
22:12:25: Plugin successfully installed
22:12:25: Installing plugin: ParticleFX
22:12:25: Particle Emitter Type 'Point' registered
22:12:25: Particle Emitter Type 'Box' registered
22:12:25: Particle Emitter Type 'Ellipsoid' registered
22:12:25: Particle Emitter Type 'Cylinder' registered
22:12:25: Particle Emitter Type 'Ring' registered
22:12:25: Particle Emitter Type 'HollowEllipsoid' registered
22:12:25: Particle Affector Type 'LinearForce' registered
22:12:25: Particle Affector Type 'ColourFader' registered
22:12:25: Particle Affector Type 'ColourFader2' registered
22:12:25: Particle Affector Type 'ColourImage' registered
22:12:25: Particle Affector Type 'ColourInterpolator' registered
22:12:25: Particle Affector Type 'Scaler' registered
22:12:25: Particle Affector Type 'Rotator' registered
22:12:25: Particle Affector Type 'DirectionRandomiser' registered
22:12:25: Particle Affector Type 'DeflectorPlane' registered
22:12:25: Plugin successfully installed
22:12:25: ArchiveFactory for archive type Obf registered.
22:12:25: OGRE EXCEPTION(6:FileNotFoundException): 'SandboxResources_d.cfg' file not found! in ConfigFile::load at d:\study\learning game ai programming with lua\1336os_code\src\ogre3d\src\OgreConfigFile.cpp (line 82)
22:12:30: *-*-* OGRE Shutdown
22:12:30: Unregistering ResourceManager for type Compositor
22:12:30: Unregistering ResourceManager for type Skeleton
22:12:30: Unregistering ResourceManager for type Mesh
22:12:30: Unregistering ResourceManager for type HighLevelGpuProgram
22:12:30: D3D9 : Shutting down cleanly.
22:12:30: D3D9 : Direct3D9 Rendering Subsystem destroyed.
22:12:30: Unregistering ResourceManager for type Material
